<?xml version="1.0" encoding="UTF-8"?>
<!-- Generated by org.testng.reporters.JUnitXMLReporter -->
<testsuite hostname="Rahulingale" ignored="0" name="Command line test" tests="5" failures="0" timestamp="2020-10-28T16:02:38 IST" time="0.086" errors="0">
  <testcase name="shouldAnswerWithTrue" time="0.009" classname="Myseleniumtool2.mavenjava2.AppTest"/>
  <testcase name="automation" time="0.001" classname="Myseleniumtool2.mavenjava2.RealTest"/>
  <testcase name="testing" time="0.0" classname="Myseleniumtool2.mavenjava2.RealTest"/>
  <testcase name="Python" time="0.0" classname="Myseleniumtool2.mavenjava2.RunTest"/>
  <testcase name="Seleniumjava" time="0.0" classname="Myseleniumtool2.mavenjava2.RunTest"/>
</testsuite> <!-- Command line test -->
