<?xml version="1.0" encoding="UTF-8"?>
<!-- Generated by org.testng.reporters.JUnitXMLReporter -->
<testsuite hostname="Rahulingale" ignored="0" name="Test" tests="3" failures="0" timestamp="2020-10-28T16:00:59 IST" time="0.113" errors="0">
  <testcase name="shouldAnswerWithTrue" time="0.01" classname="Myseleniumtool2.mavenjava2.AppTest"/>
  <testcase name="Python" time="0.0" classname="Myseleniumtool2.mavenjava2.RunTest"/>
  <testcase name="Seleniumjava" time="0.001" classname="Myseleniumtool2.mavenjava2.RunTest"/>
</testsuite> <!-- Test -->
